TN:
SF:src/fetchCurrentTemperature.ts
FN:9,fetchCurrentTemperature
FN:16,(anonymous_1)
FNF:2
FNH:2
FNDA:18,fetchCurrentTemperature
FNDA:16,(anonymous_1)
DA:1,2
DA:9,2
DA:11,18
DA:12,18
DA:13,18
DA:14,18
DA:15,18
DA:16,18
LF:8
LH:8
BRF:0
BRH:0
end_of_record
TN:
SF:src/fetchGeoCoord.ts
FN:14,fetchGeoCoord
FN:19,(anonymous_1)
FN:24,(anonymous_2)
FN:25,(anonymous_3)
FNF:4
FNH:4
FNDA:22,fetchGeoCoord
FNDA:22,(anonymous_1)
FNDA:18,(anonymous_2)
FNDA:18,(anonymous_3)
DA:1,2
DA:2,2
DA:14,2
DA:15,22
DA:16,22
DA:17,22
DA:18,22
DA:20,22
DA:24,18
DA:25,18
LF:10
LH:10
BRDA:20,0,0,18
BRDA:20,0,1,4
BRDA:20,1,0,22
BRDA:20,1,1,22
BRF:4
BRH:4
end_of_record
TN:
SF:src/fetchUniversities.ts
FN:8,fetchUniversities
FN:14,(anonymous_1)
FN:15,(anonymous_2)
FNF:3
FNH:3
FNDA:6,fetchUniversities
FNDA:6,(anonymous_1)
FNDA:23,(anonymous_2)
DA:1,2
DA:2,2
DA:8,2
DA:10,6
DA:11,6
DA:13,6
DA:15,23
LF:7
LH:7
BRF:0
BRH:0
end_of_record
TN:
SF:src/universityWeather.ts
FN:9,average
FN:10,(anonymous_1)
FN:13,fetchUniversityWeather
FN:19,helper
FN:25,(anonymous_4)
FN:27,(anonymous_5)
FN:31,(anonymous_6)
FN:35,(anonymous_7)
FN:51,removeAt
FN:55,fetchUMassWeather
FN:60,fetchUCalWeather
FNF:11
FNH:11
FNDA:17,average
FNDA:2535,(anonymous_1)
FNDA:4,fetchUniversityWeather
FNDA:4,helper
FNDA:19,(anonymous_4)
FNDA:19,(anonymous_5)
FNDA:15,(anonymous_6)
FNDA:15,(anonymous_7)
FNDA:15,removeAt
FNDA:1,fetchUMassWeather
FNDA:1,fetchUCalWeather
DA:1,1
DA:2,1
DA:3,1
DA:10,2535
DA:13,1
DA:20,4
DA:21,4
DA:22,1
DA:25,19
DA:27,19
DA:29,3
DA:31,15
DA:33,2
DA:35,15
DA:37,2
DA:39,2
DA:41,2
DA:42,15
DA:44,2
DA:47,4
DA:52,15
DA:55,1
DA:57,1
DA:60,1
DA:62,1
LF:25
LH:25
BRDA:21,0,0,1
BRDA:25,1,0,4
BRDA:25,1,1,15
BRF:3
BRH:3
end_of_record
